Iteration	Posterior	Likelihood	Prior	rate_log_sd	tree_length
0	-3157.236	-3373.889	216.6529	0.9951985	2.694053
6	-3155.088	-3373.609	218.5204	1.649577	0.8650867
12	-3336.169	-3552.862	216.6933	0.9909055	2.671823
18	-2742.116	-2959.116	217.0007	2.876679	1.156663
24	-2704.904	-2921.685	216.7813	3.095998	1.156663
30	-3416.752	-3633.455	216.7029	0.6434169	2.877955
36	-3032.975	-3251.108	218.133	1.74434	1.1567
42	-3120.012	-3337.922	217.9097	1.627959	1.433958
48	-2798.32	-3013.956	215.6361	3.595484	1.660222
54	-3226.413	-3444.072	217.6591	1.572489	1.660222
60	-2827.062	-3042.886	215.8235	4.502831	0.3952141
66	-2901.253	-3117.315	216.0626	2.43711	2.15707
72	-2946.263	-3163.04	216.777	1.722688	2.15707
78	-3794.459	-4013.133	218.6739	0.9656987	1.354463
84	-3015.735	-3232.728	216.9925	1.493331	2.166141
90	-2687.909	-2904.729	216.82	2.782833	1.383424
96	-2823.859	-3041.301	217.4417	2.760114	0.8261976
102	-2865.334	-3082.91	217.5756	2.760114	0.5955909
108	-2806.887	-3024.794	217.9068	2.428911	0.5955909
114	-2858.84	-3075.948	217.1079	3.217973	0.623135
120	-3058.624	-3276.329	217.7044	2.624653	0.4004982
126	-2771.68	-2988.702	217.0219	2.262812	1.622049
132	-2797.402	-3014.584	217.1817	3.163582	0.444178
138	-2955.621	-3173.22	217.599	1.958043	1.419048
144	-2812.461	-3024.375	211.9144	1.847036	4.940581
150	-2910.659	-3127.596	216.9365	1.847036	1.969738
156	-2912.502	-3129.773	217.2707	1.847036	1.740909
162	-2948.459	-3165.452	216.9936	1.68542	2.039382
168	-2912.899	-3130.105	217.2053	1.824005	1.802492
174	-2819.445	-3036.254	216.8087	2.529651	1.583056
180	-2798.675	-3015.132	216.4573	3.881557	0.5854215
186	-2731.34	-2948.554	217.2144	2.941181	0.8819644
192	-2953.454	-3170.325	216.8707	3.177459	0.204227
198	-3030.871	-3247.707	216.8359	3.212269	0.204227
204	-2784.081	-3000.369	216.2883	2.631523	1.877662
210	-2758.363	-2974.296	215.9335	2.986335	1.877662
216	-2763.175	-2979.541	216.366	2.256777	2.076502
222	-2757.538	-2974.008	216.4698	2.256777	2.007789
228	-3094.838	-3310.904	216.0667	0.8419816	3.140382
234	-2871.276	-3087.678	216.4017	1.734738	2.389995
240	-2724.731	-2940.794	216.063	3.837061	1.13655
246	-2913.806	-3131.364	217.5582	1.547833	1.749065
252	-2722.513	-2939.14	216.6268	3.53541	0.874221
258	-2801.922	-3019.518	217.5957	1.692499	1.61952
264	-3060.818	-3279.022	218.2043	1.410512	1.374052
270	-2889.437	-3107.378	217.9407	1.674122	1.374052
276	-2845.608	-3063.387	217.7792	2.570843	0.4695361
282	-2713.669	-2928.67	215.0013	5.077076	0.9661535
288	-2732.015	-2949.04	217.0251	3.053285	0.9661535
294	-2763.406	-2978.672	215.2664	1.940865	2.961856
300	-3063.595	-3281.09	217.4955	1.056915	2.122679
306	-2718.705	-2936.188	217.4824	2.673527	0.8815675
312	-3010.888	-3228.191	217.3026	1.284905	2.099708
318	-2681.101	-2893.017	211.9158	2.539173	4.552941
324	-2879.433	-3096.731	217.2986	2.990786	0.3432717
330	-2929.897	-3147.712	217.8157	1.984599	1.223132
336	-2726.386	-2942.094	215.7077	4.250141	1.083921
342	-3095.347	-3313.564	218.2174	1.639588	1.174486
348	-3179.546	-3394.981	215.4345	0.6747919	3.609743
354	-3213.343	-3431.938	218.5947	1.484258	0.9655786
360	-2759.454	-2976.884	217.4306	2.165176	1.388967
366	-2920.523	-3138.363	217.8396	2.030715	1.162855
372	-2939.39	-3155.955	216.5653	1.537385	2.411332
378	-2813.472	-3031.068	217.5963	2.640459	0.7799
384	-2833.998	-3052.024	218.0261	2.127478	0.8843185
390	-2757.431	-2974.239	216.808	2.982787	1.231119
396	-2715.621	-2932.644	217.0229	2.515162	1.43365
402	-2991.426	-3209.26	217.8337	1.704374	1.43365
408	-3351.279	-3569.608	218.3297	1.208376	1.43365
414	-3462.486	-3679.218	216.7313	0.4964491	2.949488
420	-2845.252	-3062.933	217.6805	2.580839	0.7440389
426	-3078.632	-3296.579	217.9468	2.400906	0.5476816
432	-3070.351	-3288.301	217.9498	2.400906	0.5251441
438	-2749.66	-2966.447	216.7874	3.06933	1.174726
444	-3335.444	-3553.73	218.2862	1.913379	0.8289509
450	-3153.971	-3372.09	218.1186	2.130204	0.7627812
456	-2755.517	-2967.924	212.4073	7.718479	0.9155605
462	-2761.188	-2976.607	215.4192	4.36332	1.238074
468	-2761.68	-2976.599	214.9194	4.044669	1.847409
474	-2810.871	-3027.476	216.6049	3.705955	0.6573919
480	-2906.529	-3123.165	216.6361	3.492783	0.235844
486	-2750.382	-2966.13	215.7476	3.560361	1.605215
492	-2759.335	-2975.314	215.9786	4.29943	0.7177147
498	-2831.324	-3047.445	216.1214	2.417582	2.131499
504	-2917.839	-3133.818	215.9783	1.469261	2.816516
510	-3146.298	-3363.548	217.2499	0.9666575	2.339175
516	-3005.626	-3223.621	217.9943	1.644861	1.354834
522	-2983.336	-3200.477	217.1407	2.977344	0.2311123
528	-3038.346	-3255.56	217.2135	2.977344	0.267157
534	-3364.119	-3582.531	218.4119	1.268179	1.322144
540	-2772.263	-2988.616	216.3534	3.851855	0.8217903
546	-2752.583	-2967.254	214.6711	5.283204	1.087257
552	-2834.37	-3051.595	217.2251	2.484444	1.298357
558	-3207.479	-3425.733	218.2544	1.467935	1.287904
564	-3152.451	-3370.488	218.0371	2.309418	0.4494578
570	-2724.174	-2938.079	213.905	6.444575	0.4663645
576	-2855.523	-3072.861	217.3388	1.91958	1.64107
582	-2900.351	-3116.74	216.3885	1.436104	2.585136
588	-2758.152	-2970.816	212.6641	7.042483	1.300696
594	-2893.068	-3110.35	217.282	2.355973	1.355766
600	-2854.689	-3072.268	217.5796	2.595483	0.8591065
606	-2713.788	-2929.946	216.1579	3.668091	1.201285
612	-2913.766	-3130.104	216.3382	1.705171	2.44867
618	-3180.04	-3398.292	218.2521	1.130465	1.55058
624	-3138.26	-3356.423	218.1623	1.418034	1.400994
630	-2729.562	-2945.688	216.1257	3.890088	1.028915
636	-3085.919	-3301.558	215.6391	0.735755	3.455031
642	-2697.988	-2912.577	214.589	5.18978	1.241218
648	-2728.543	-2943.215	214.6719	5.610212	0.7109199
654	-2841.283	-3058.666	217.3831	2.682027	0.9797871
660	-2804.556	-3021.813	217.2569	3.01535	0.7270766
666	-3145.446	-3362.809	217.3637	1.228961	2.096301
672	-3029.188	-3246.348	217.1601	1.130572	2.291926
678	-2641.756	-2855.952	214.1962	4.401036	2.093294
684	-2690.262	-2907.408	217.1464	3.17155	0.6419333
690	-2760.293	-2977.307	217.014	1.927473	1.86289
696	-3134.835	-3353.303	218.4674	1.378495	1.184133
702	-2725.644	-2941.436	215.7922	3.358375	1.717807
708	-2729.496	-2943.805	214.3086	2.914347	2.952374
714	-2803.258	-3018.506	215.2483	1.974724	2.952374
720	-2984.267	-3199.26	214.9929	1.096341	3.621386
726	-3170.154	-3386.775	216.6208	0.9396284	2.747761
732	-2804.381	-3015.848	211.467	1.298047	5.491665
738	-2739.794	-2955.963	216.1691	4.091993	0.744489
744	-2741.069	-2957.817	216.7481	3.427703	0.8581979
750	-2678.633	-2895.789	217.1553	3.1432	0.681831
756	-2699.61	-2913.377	213.767	5.393806	1.71059
762	-2914.448	-3131.753	217.3045	2.939756	0.3023767
768	-2895.04	-3112.533	217.4922	2.834815	0.3964403
774	-3124.008	-3340.992	216.984	1.178092	2.373724
780	-3059.884	-3276.868	216.984	1.178092	2.373724
786	-2698.245	-2914.287	216.0426	2.351716	2.225388
792	-3634.333	-3852.974	218.6413	1.011228	1.344179
798	-2881.736	-3098.379	216.643	1.790425	2.200078
804	-2703.651	-2916.074	212.4235	4.386657	3.1989
810	-2706.488	-2921.714	215.2264	4.09867	1.592754
816	-3429.331	-3647.978	218.6462	1.5145	0.8760153
822	-3333.163	-3551.549	218.386	1.950914	0.4182881
828	-2706.179	-2923.05	216.8702	2.882842	1.262634
834	-3154.864	-3373.096	218.2318	1.415845	1.348087
840	-2736.93	-2951.368	214.4374	5.669877	0.9357343
846	-2737.2	-2951.701	214.5008	5.669877	0.8643469
852	-2922.662	-3140.163	217.5014	1.641779	1.723031
858	-2873.561	-3090.994	217.4337	2.918146	0.4906969
864	-2922.976	-3139.347	216.3707	1.394116	2.622158
870	-2880.452	-3098.183	217.7308	2.621116	0.5071995
876	-4021.268	-4240.651	219.3833	0.8530655	0.7804182
882	-2990.737	-3208.616	217.8795	1.732122	1.376556
888	-2766.256	-2983.227	216.9709	3.271999	0.7712112
894	-2719.601	-2935.42	215.8185	4.428298	0.765596
900	-2796.784	-3014.308	217.5239	2.016917	1.431495
906	-2714.134	-2931.499	217.3652	2.425157	1.231495
912	-3108.091	-3326.577	218.486	1.320472	1.217913
918	-2725.947	-2942.296	216.3487	3.932774	0.7118881
924	-3886.963	-4106.2	219.237	0.90354	0.8991202
930	-3258.824	-3476.275	217.4506	0.906919	2.249037
936	-2716.343	-2932.458	216.1158	3.679598	1.227265
942	-2711.305	-2927.855	216.5498	3.679598	0.7900051
948	-2693.008	-2908.226	215.2182	4.382046	1.385415
954	-2788.913	-3005.195	216.2813	3.820449	0.2243095
960	-2749.877	-2967.077	217.2005	3.151017	0.4855644
966	-2674.748	-2889.275	214.5277	5.556084	0.2172138
972	-2701.7	-2916.433	214.7325	5.556084	0.3424631
978	-2693.516	-2909.988	216.4716	3.682657	0.8834634
984	-2646.841	-2863.607	216.7659	3.570234	0.5943653
990	-2687.605	-2904.109	216.5046	3.480086	1.058807
996	-2754.184	-2970.672	216.4876	3.480086	1.07477
