Iteration	Posterior	Likelihood	Prior	rate_log_sd	tree_length
0	-2705.885	-2920.837	214.9518	3.936203	1.899332
6	-2688.659	-2903.611	214.9518	3.936203	1.899332
12	-2629.928	-2845.668	215.7397	3.794093	1.436943
18	-2562.131	-2778.947	216.8153	2.370326	1.693033
24	-2636.267	-2852.125	215.8581	4.024086	1.152415
30	-2602.142	-2817.657	215.5157	3.292258	1.95339
36	-2603.303	-2820.15	216.8471	2.965572	1.212638
42	-2617.576	-2834.63	217.054	2.758651	1.212638
48	-2649.348	-2866.299	216.9516	3.008986	1.081434
54	-2692.76	-2909.057	216.2973	3.82555	0.9187386
60	-2637.911	-2852.046	214.135	4.539826	2.042151
66	-2647.744	-2863.239	215.4947	4.337029	1.196345
72	-2602.753	-2819.011	216.2576	3.032071	1.618468
78	-2598.643	-2815.21	216.5672	2.640939	1.676958
84	-2566.995	-2783.741	216.7461	2.161682	1.885848
90	-2551.541	-2766.745	215.2041	2.809791	2.467127
96	-2499.639	-2716.077	216.4382	2.809791	1.648471
102	-2510.23	-2725.978	215.7485	1.909635	2.687883
108	-2536.612	-2753.49	216.8778	2.900846	1.241368
114	-2573.382	-2789.791	216.4087	3.516713	1.11369
120	-2565.158	-2781.137	215.9794	3.946033	1.11369
126	-2580.185	-2795.473	215.2882	4.63718	1.11369
132	-2634.981	-2852.616	217.635	2.185609	1.205821
138	-2545.03	-2760.824	215.7936	2.977687	1.977963
144	-2607.167	-2823.014	215.8465	2.977687	1.942437
150	-2582.316	-2798.872	216.5559	3.625461	0.8514949
156	-2604.411	-2821.424	217.0123	3.272985	0.70541
162	-2661.803	-2877.052	215.2485	5.079111	0.6186892
168	-2655.313	-2870.452	215.139	5.079111	0.805189
174	-2664.099	-2877.827	213.7285	6.489558	0.805189
180	-2711.645	-2927.537	215.892	4.122523	0.193139
186	-2733.136	-2949.957	216.8207	2.997306	1.208073
192	-2672.418	-2888.398	215.9796	3.838439	1.208073
198	-2675.735	-2891.845	216.11	3.707978	1.208073
204	-2658.777	-2875.528	216.7507	2.865317	1.373064
210	-2658.084	-2873.414	215.3295	4.858771	0.8430293
216	-2653.457	-2869.372	215.9148	4.432094	0.5523737
222	-2701.879	-2918.233	216.3542	3.675337	1.015454
228	-2660.894	-2877.115	216.2219	3.032285	1.644065
234	-2699.334	-2915.88	216.5461	3.776773	0.6304607
240	-2716.032	-2931.004	214.9718	4.429115	1.537006
246	-2704.787	-2921.195	216.4081	3.932731	0.4289171
252	-2682.218	-2898.282	216.0645	3.932731	1.046788
258	-2651.161	-2866.725	215.5636	4.433657	1.046788
264	-2690.927	-2905.914	214.9871	4.883679	1.162398
270	-2727.954	-2944.489	216.535	3.200288	1.277299
276	-2605.016	-2818.747	213.731	4.34565	2.427725
282	-2607.897	-2823.385	215.4882	2.671177	2.3755
288	-2522.654	-2738.716	216.0622	3.751336	1.211887
294	-2613.32	-2830.503	217.1821	2.631395	1.211887
300	-2598.196	-2815.256	217.0594	2.754175	1.211887
306	-2650.428	-2865.252	214.8236	1.940164	3.226369
312	-2634.985	-2849.396	214.4114	2.83336	2.939238
318	-2660.701	-2876.153	215.4525	3.600225	1.786235
324	-2591.195	-2805.835	214.6395	3.90017	2.13104
330	-2615.651	-2832.784	217.133	2.549993	1.31984
336	-2652.918	-2868.247	215.328	2.598293	2.521909
342	-2674.568	-2890.495	215.9273	3.871066	1.224754
348	-2621.174	-2835.437	214.2629	3.411106	2.678111
354	-2616.255	-2830.216	213.9615	2.03562	3.674725
360	-2648.624	-2859.609	210.985	2.282011	5.214797
366	-2670.383	-2886.262	215.8794	2.893241	1.977035
372	-2597.244	-2813.855	216.6106	2.893241	1.459799
378	-2567.559	-2784.606	217.0473	3.188243	0.7815184
384	-2557.833	-2773.013	215.1801	3.684397	1.915219
390	-2575.17	-2791.715	216.5448	2.592055	1.727431
396	-2579.268	-2795.445	216.1773	4.002886	0.8529868
402	-2529.365	-2745.542	216.1773	4.002886	0.8529868
408	-2589.578	-2806.751	217.1725	2.587832	1.256566
414	-2586.669	-2803.678	217.0089	2.599234	1.379288
420	-2583.84	-2800.986	217.1468	3.156814	0.6720131
426	-2639.145	-2854.066	214.9205	5.421404	0.4323021
432	-2563.041	-2778.897	215.8559	3.534621	1.544732
438	-2500.575	-2718.376	217.8013	2.475252	0.7201041
444	-2555.639	-2772.482	216.8433	3.433275	0.7201041
450	-2566.909	-2782.167	215.2583	5.09217	0.5283028
456	-2574.222	-2789.239	215.0175	5.278232	0.35051
462	-2701.155	-2916.76	215.6054	4.128965	0.1281736
468	-2655.841	-2873.048	217.2069	3.09384	0.6775896
474	-2609.155	-2824.675	215.5191	4.827177	0.555041
480	-2556.925	-2772.213	215.2883	3.352802	2.064418
486	-2561.648	-2774.642	212.9936	2.654717	3.875755
492	-2619.462	-2835.102	215.6406	2.654717	2.288941
498	-2597.006	-2812.414	215.4084	3.780203	1.690866
504	-2565.437	-2782.413	216.9767	2.601634	1.402545
510	-2585.02	-2798.951	213.9311	4.964478	1.894192
516	-2568.992	-2785.357	216.3648	3.983684	0.5429528
522	-2616.806	-2833.485	216.6793	3.537661	0.2830746
528	-2689.742	-2904.084	214.3425	5.927175	0.731214
534	-2663.126	-2877.865	214.7386	3.784143	2.142091
540	-2639.932	-2855.846	215.9139	3.775122	1.31497
546	-2582.025	-2797.587	215.562	4.543648	0.9374156
552	-2636.649	-2847.121	210.4719	5.347232	3.777547
558	-2606.165	-2820.628	214.4635	4.20828	2.044165
564	-2600.217	-2817.141	216.9232	1.961054	1.901851
570	-2590.94	-2808.051	217.1104	3.237781	0.4577131
576	-2552.698	-2770.105	217.4066	2.539421	1.094891
582	-2548.187	-2763.685	215.4983	4.361877	1.171674
588	-2538.064	-2755.607	217.5436	2.695899	0.7760756
594	-2561.458	-2777.435	215.977	2.82459	1.957625
600	-2574.378	-2790.844	216.4664	2.743385	1.6758
606	-2572.314	-2788.976	216.6613	3.553852	0.8089694
612	-2662.795	-2878.926	216.1312	4.220359	0.4852847
618	-2582.659	-2796.418	213.7596	3.085169	3.17837
624	-2571.143	-2779.194	208.0502	2.522435	6.686253
630	-2595.39	-2810.991	215.601	3.060401	2.051059
636	-2572.423	-2787.895	215.4718	3.570346	1.793614
642	-2592.708	-2806.517	213.809	3.288344	3.027795
648	-2595.818	-2812.084	216.2655	2.338425	2.088927
654	-2607.223	-2822.57	215.3469	3.617029	1.847524
660	-2607.338	-2823.79	216.4517	2.512219	1.847524
666	-2570.475	-2787.575	217.0996	2.541985	1.352884
672	-2564.897	-2780.166	215.2691	3.942283	1.674653
678	-2569.063	-2785.104	216.0409	3.942283	1.06018
684	-2595.136	-2810.355	215.2183	2.162379	2.857103
690	-2645.982	-2863.554	217.572	1.998441	1.408682
696	-2575.954	-2788.454	212.5001	2.464836	4.265356
702	-2543.778	-2758.836	215.0587	3.354932	2.212901
708	-2648.101	-2864.505	216.4034	2.010237	2.212901
714	-2572.469	-2787.931	215.4615	3.160606	2.076954
720	-2481.924	-2696.503	214.5787	3.572482	2.380657
726	-2540.338	-2755.435	215.0975	4.53101	1.363247
732	-2493.16	-2709.32	216.1598	2.241924	2.220589
738	-2520.66	-2736.009	215.3499	3.458781	1.952901
744	-2623.146	-2840.529	217.3828	2.603187	1.05753
750	-2585.846	-2803.322	217.4757	2.444347	1.118513
756	-2580.179	-2796.295	216.1165	1.951498	2.433138
762	-2558.476	-2773.657	215.1807	1.951516	3.006927
768	-2599.388	-2816.106	216.7174	2.015772	2.00337
774	-2556.458	-2772.837	216.3788	2.414203	1.963419
780	-2510.464	-2727.167	216.7036	2.46693	1.703715
786	-2534.728	-2750.331	215.6027	3.567799	1.703715
792	-2509.856	-2724.045	214.1887	3.765885	2.504236
798	-2577.402	-2792.862	215.4602	4.778969	0.7764941
804	-2538.373	-2752.208	213.8357	2.835586	3.281002
810	-2601.196	-2818.376	217.1799	3.168127	0.5454827
816	-2602.278	-2818.272	215.9946	3.842097	1.192037
822	-2572.165	-2789.204	217.0384	3.313461	0.5089504
828	-2640.562	-2856.393	215.8311	4.405987	0.2970184
834	-2724.335	-2939.635	215.2999	4.862669	0.251899
840	-2694.66	-2910.972	216.3122	3.920972	0.7848155
846	-2681.121	-2895.762	214.6407	5.709996	0.5259613
852	-2620.857	-2837.81	216.9528	2.576103	1.440664
858	-2639.9	-2856.223	216.323	3.53294	1.175432
864	-2680.405	-2894.525	214.12	5.699182	1.207071
870	-2656.125	-2871.276	215.1508	5.175219	0.3945298
876	-2662.25	-2877.546	215.2964	4.546439	1.186742
882	-2595.016	-2811.268	216.2517	2.698946	1.856645
888	-2512.868	-2729.453	216.5851	2.280998	1.914129
894	-2592.004	-2807.074	215.0699	3.855268	1.874006
900	-2572.864	-2789.541	216.6768	3.078455	1.260804
906	-2531.96	-2748.782	216.8216	2.976855	1.224702
912	-2522.599	-2735.064	212.465	2.128285	4.47518
918	-2520.469	-2737.656	217.1878	2.874901	0.9822605
924	-2637.381	-2854.061	216.6804	1.48728	2.370208
930	-2611.658	-2828.45	216.7922	2.58064	1.557781
936	-2624.402	-2840.979	216.5775	3.722056	0.6798972
942	-2554.825	-2770.29	215.4654	4.048815	1.45192
948	-2619.651	-2835.631	215.9803	3.533839	1.45192
954	-2627.367	-2843.954	216.5861	3.630266	0.8074296
960	-2582.945	-2798.336	215.3916	4.919594	0.6568012
966	-2601.205	-2816.636	215.4312	4.919594	0.5243836
972	-2647.928	-2859.828	211.8999	5.291606	2.971299
978	-2636.672	-2851.719	215.0461	5.213177	0.7472059
984	-2690.725	-2905.569	214.8438	5.002656	1.183658
990	-2704.91	-2917.603	212.6935	6.661324	1.570979
996	-2691.527	-2907.807	216.2793	3.295356	1.405372
