Iteration	Posterior	Likelihood	Prior	rate_log_sd	tree_length
0	-5606.34	-5826.18	219.8391	0.3698877	0.278018
6	-4951.381	-5171.482	220.1011	0.2003405	0.6762642
12	-4544.777	-4764.566	219.789	0.08304202	1.161296
18	-4413.745	-4633.274	219.5294	0.2547312	1.236704
24	-4662.891	-4882.564	219.6725	0.1116209	1.236704
30	-4680.789	-4900.488	219.699	0.0642358	1.254173
36	-3713.511	-3929.233	215.722	0.02277704	3.820315
42	-3864.964	-4081.879	216.9148	0.02277704	3.123192
48	-4791.167	-5011.209	220.0425	0.06844641	0.9317481
54	-3904.555	-4123.647	219.0925	0.7844507	1.156981
60	-5250.11	-5470.386	220.2767	0.06381873	0.5795492
66	-3405.416	-3623.462	218.0455	1.004727	1.788011
72	-2793.052	-3010.007	216.9548	3.236887	0.8388433
78	-2747.788	-2963.713	215.9248	3.22805	1.71617
84	-5306.605	-5526.82	220.2153	0.1328114	0.5454253
90	-4153.339	-4372.626	219.2869	0.470949	1.258692
96	-3289.408	-3507.966	218.5582	1.541109	0.9442309
102	-4031.432	-4249.734	218.3023	0.132208	2.1994
108	-4389.957	-4609.826	219.8688	0.2231865	0.951941
114	-4292.564	-4512.254	219.6904	0.5903022	0.7132652
120	-5600.749	-5820.473	219.7236	0.4318035	0.2482847
126	-3829.408	-4047.088	217.6803	2.242871	0.1674432
132	-3573.352	-3790.963	217.6113	0.5781932	2.356358
138	-4471.656	-4691.227	219.5708	0.156138	1.284119
144	-5540.121	-5760.09	219.9689	0.2589085	0.2903968
150	-4900.244	-5119.916	219.6719	0.6550154	0.3962085
156	-3324.333	-3541.756	217.4232	0.8616186	2.295678
162	-5757.425	-5975.572	218.1469	1.077817	0.06830581
168	-4742.185	-4961.715	219.5306	0.7808373	0.3707821
174	-3474.491	-3693.129	218.6382	1.712708	0.5239114
180	-5098.546	-5318.519	219.9734	0.3562884	0.4017582
186	-2819.739	-3037.298	217.5592	2.626412	0.8462788
192	-5195.931	-5416.219	220.2876	0.04484192	0.4074787
198	-3709.952	-3928.959	219.0072	1.074692	0.9624939
204	-3386.045	-3604.815	218.7702	1.453974	0.7970862
210	-5210.575	-5430.418	219.8424	0.4301728	0.3263331
216	-4124.516	-4343.756	219.2401	0.8019845	1.003081
222	-4200.821	-4420.298	219.4774	0.7399211	0.8062091
228	-4566.291	-4786.038	219.7475	0.6030805	0.5269359
234	-2683.549	-2899.803	216.2534	3.546877	1.223153
240	-5659.709	-5879.481	219.7723	0.4050748	0.2596175
246	-6195.336	-6415.338	220.002	0.09425063	0.2220801
252	-4613.211	-4833.259	220.0475	0.2498672	0.6839299
258	-5407.423	-5627.723	220.3003	0.008149979	0.3666611
264	-3998.315	-4217.138	218.8233	1.491494	0.3757731
270	-3848.789	-4067.931	219.1429	0.7946533	1.102675
276	-4098.602	-4317.977	219.375	0.6894685	0.9804715
282	-2827.168	-3044.633	217.4646	2.444149	1.128745
288	-3354.415	-3573.002	218.5864	1.322379	1.128745
294	-4626.611	-4846.445	219.8338	0.2916487	0.9159167
300	-4153.537	-4372.208	218.6713	0.278242	1.857377
306	-6020.088	-6240.168	220.0806	0.07028934	0.2461055
312	-3238.953	-3456.878	217.9251	1.241465	1.70653
318	-4703.418	-4923.19	219.7717	0.09572016	1.165403
324	-5178.258	-5398.464	220.2065	0.1183137	0.6257205
330	-4114.47	-4333.654	219.1841	0.3205693	1.459178
336	-4681.096	-4900.737	219.6405	0.7094706	0.5324634
342	-3036.287	-3254.383	218.0957	2.202788	0.681917
348	-4267.501	-4487.08	219.5789	0.4929956	0.9728505
354	-5463.385	-5683.127	219.7424	0.4526376	0.269567
360	-3314.791	-3533.459	218.6674	1.632313	0.6795189
366	-5479.168	-5699.013	219.8447	0.4540628	0.3541325
372	-2727.642	-2942.957	215.3148	3.833581	1.719328
378	-3696.654	-3914.073	217.419	0.5060892	2.522686
384	-5189.856	-5410.037	220.181	0.1503375	0.6086787
390	-5380.933	-5600.853	219.9197	0.377116	0.3517991
396	-5167.953	-5387.927	219.9744	0.377116	0.5146982
402	-4628.995	-4848.687	219.692	0.5427234	0.7827108
408	-4622.645	-4842.334	219.689	0.6587039	0.5476615
414	-3747.652	-3966.67	219.0177	1.058713	0.968173
420	-3864.575	-4082.799	218.2245	0.3147776	2.13127
426	-3651.208	-3870.145	218.9365	1.287115	0.7978375
432	-5293.655	-5513.717	220.0621	0.2890088	0.4792778
438	-5951.466	-6169.294	217.828	1.197191	0.05441375
444	-6120.703	-6340.665	219.9627	0.1230633	0.2179463
450	-4345.637	-4564.151	218.5135	0.02777164	2.130013
456	-4060.578	-4278.902	218.324	0.21727	2.130013
462	-3986.213	-4203.857	217.6439	0.04728181	2.667525
468	-4401.636	-4621.019	219.3836	0.4993764	1.151704
474	-4739.799	-4959.465	219.6663	0.2507548	1.121302
480	-3257.648	-3474.829	217.1809	1.293777	2.173371
486	-5243.26	-5463.474	220.2143	0.1296524	0.5658572
492	-2824.301	-3042.043	217.7417	2.535635	0.7188714
498	-5183.893	-5404.091	220.1977	0.1408883	0.5863959
504	-4835.739	-5055.192	219.4531	0.8274658	0.3340574
510	-3651.963	-3870.829	218.8658	1.210737	0.9680364
516	-5586.57	-5806.755	220.1852	0.1486567	0.410808
522	-3894.114	-4112.849	218.7349	0.4985882	1.658872
528	-4977.812	-5197.437	219.6252	0.677225	0.358626
534	-4517.345	-4736.793	219.4487	0.2877372	1.276307
540	-3502.671	-3721.334	218.6631	1.073379	1.276307
546	-5247.007	-5467.064	220.0565	0.2940286	0.4738081
552	-2941.719	-3159.671	217.9517	1.901167	1.178086
558	-4718.656	-4938.355	219.6998	0.6478731	0.5478144
564	-3068.092	-3286.004	217.9114	2.436249	0.5478144
570	-4153.934	-4373.174	219.2404	1.110951	0.5180378
576	-3398.289	-3615.434	217.1447	0.967883	2.405064
582	-3037.426	-3250.821	213.3949	0.967883	4.604699
588	-4048.121	-4266.404	218.2823	0.2330751	2.146878
594	-5412.398	-5631.542	219.1441	0.8897276	0.1993732
600	-4271.237	-4490.604	219.3665	0.3021473	1.331292
606	-2757.298	-2973.533	216.2343	3.434417	1.331292
612	-5476.56	-5696.826	220.266	0.04743189	0.3737582
618	-5726.265	-5946.139	219.8745	0.323813	0.2714748
624	-3687.225	-3905.877	218.6527	1.060021	1.295738
630	-4721.996	-4941.453	219.4567	0.8706436	0.3971711
636	-4621.798	-4841.545	219.7467	0.3902567	0.9031299
642	-3710.393	-3929.262	218.8686	1.477608	0.5558829
648	-4088.188	-4306.975	218.7867	0.1084639	1.894421
654	-3291.846	-3510.108	218.2625	2.065094	0.3975822
660	-4648.183	-4868.224	220.0409	0.05333624	0.9495834
666	-5120.058	-5340.349	220.2904	0.04927128	0.5824161
672	-3210.426	-3428.993	218.5678	1.717505	0.7054848
678	-4671.417	-4891.441	220.0246	0.2606856	0.7054848
684	-3456.554	-3675.477	218.9225	1.383999	0.6662948
690	-3853.806	-4073.01	219.2043	0.6649908	1.163743
696	-4392.02	-4611.262	219.2419	1.028414	0.3242129
702	-4168.734	-4387.924	219.1902	0.1091224	1.611443
708	-2715.376	-2931.89	216.5141	2.939074	1.498049
714	-4405.334	-4624.963	219.6282	0.621753	0.7610026
720	-4097.152	-4316.483	219.3313	0.899547	0.7880859
726	-4876.591	-5095.997	219.4064	0.8373316	0.3019677
732	-3408.586	-3627.05	218.4638	1.392221	1.1753
738	-2832.873	-3050.129	217.2561	2.412014	1.331747
744	-3883.62	-4102.909	219.2897	0.8883079	0.8555982
750	-4500.188	-4719.735	219.5465	0.7795712	0.6224757
756	-3413.488	-3631.95	218.4615	1.582172	1.001428
762	-4439.478	-4658.94	219.4618	0.525294	1.056445
768	-3720.459	-3939.205	218.7461	1.594465	0.579366
774	-4287.134	-4506.227	219.0932	0.3365187	1.515626
780	-5774.615	-5993.227	218.6118	1.029245	0.1133358
786	-7266.539	-7484.414	217.8747	0.6848611	0.03270894
792	-3277.908	-3495.898	217.9896	1.321276	1.60308
798	-3407.43	-3626.223	218.7926	1.397319	0.8410631
804	-4888.071	-5107.916	219.8444	0.5067758	0.4805724
810	-6747.744	-6966.393	218.6486	0.5202753	0.06404287
816	-3354.229	-3572.882	218.6537	1.645607	0.6802363
822	-4937.307	-5157.355	220.0472	0.2979404	0.4437351
828	-4463.342	-4683.428	220.0855	0.06991643	0.8821892
834	-3112.161	-3330.341	218.1794	1.713556	1.142877
840	-3258.853	-3477.38	218.5265	1.713556	0.7752353
846	-3247.029	-3465.367	218.3384	1.631497	1.072723
852	-3668.636	-3886.717	218.0811	0.4731908	2.121499
858	-2776.96	-2994.019	217.0592	2.154031	1.673392
864	-4639.317	-4858.386	219.0691	1.161987	0.2926617
870	-6166.318	-6386.275	219.957	0.1368847	0.2211544
876	-3516.17	-3734.014	217.844	0.8890818	2.003469
882	-4994.728	-5214.757	220.0286	0.1814119	0.8156733
888	-3320.386	-3537.985	217.5992	1.034408	2.0694
894	-3844.928	-4063.602	218.6738	1.630168	0.3606264
900	-4295.916	-4515.443	219.5263	0.7002534	0.7939015
906	-3388.668	-3607.361	218.6935	1.625433	0.6396892
912	-4866.633	-5086.711	220.0777	0.2412739	0.6396892
918	-3967.728	-4186.333	218.6044	0.3406348	1.860443
924	-2823.162	-3040.015	216.8535	3.194224	0.9974071
930	-5030.232	-5250.209	219.9771	0.05848455	1.009498
936	-4913.126	-5133.308	220.1828	0.05848455	0.773506
942	-4092.728	-4311.614	218.8856	0.3335353	1.669165
948	-6143.012	-6362.393	219.3803	0.4194486	0.1401402
954	-3529.626	-3746.265	216.6388	0.4194486	3.051213
960	-3563.562	-3782.52	218.9576	0.9617584	1.119139
966	-5354.664	-5574.377	219.7129	0.4374849	0.2458497
972	-3126.902	-3344.49	217.5883	1.517576	1.749187
978	-5050.266	-5270.515	220.249	0.01888016	0.7340338
984	-5610.847	-5831.17	220.3235	0.02818776	0.4873529
990	-4743.002	-4962.859	219.8561	0.3208726	0.8567501
996	-4196.761	-4416.249	219.4884	0.6259838	0.9279659
