Iteration	Posterior	Likelihood	Prior	rate_log_sd	tree_length
0	-1423.742	-1641.162	217.4197	1.440214	1.918318
6	-1425.448	-1643.004	217.5558	1.220798	1.974368
12	-1418.56	-1636.811	218.2512	1.584513	1.192917
18	-1445.327	-1663.409	218.0827	1.584513	1.332458
24	-1446.734	-1664.271	217.537	1.783903	1.595814
30	-1416.334	-1634.186	217.8517	1.469172	1.595814
36	-1416.633	-1634.533	217.9005	1.572882	1.482846
42	-1384.806	-1602.012	217.2058	1.454534	2.051731
48	-1389.516	-1607.406	217.8902	1.447539	1.583504
54	-1374.247	-1591.537	217.2906	1.408674	2.025942
60	-1366.83	-1584.629	217.7986	1.441617	1.654039
66	-1386.036	-1604.512	218.4763	1.463936	1.100201
72	-1380.517	-1598.082	217.5645	1.341886	1.886802
78	-1395.699	-1613.179	217.4797	1.164675	2.062295
84	-1423.953	-1640.651	216.698	1.11435	2.592772
90	-1469.514	-1686.563	217.0492	1.02276	2.430671
96	-1434.015	-1651.236	217.2204	0.9477822	2.369903
102	-1402.549	-1620.397	217.8483	1.306725	1.714648
108	-1419.984	-1636.503	216.5193	1.306152	2.584637
114	-1426.687	-1644.386	217.699	1.264749	1.847646
120	-1423.994	-1641.014	217.0199	1.19729	2.338786
126	-1420.161	-1635.98	215.8189	0.9953863	3.196454
132	-1431.713	-1648.314	216.6014	1.064143	2.683292
138	-1443.666	-1660.055	216.3892	0.9880483	2.859239
144	-1462.043	-1676.773	214.7293	1.006654	3.825421
150	-1477.977	-1695.309	217.3315	1.118641	2.189254
156	-1476.748	-1694.132	217.3842	1.464337	1.926054
162	-1446.377	-1663.803	217.4262	1.456403	1.90296
168	-1447.632	-1665.861	218.2288	1.367203	1.388742
174	-1429.92	-1647.193	217.273	1.564596	1.933399
180	-1464.642	-1683.212	218.5701	1.351565	1.117125
186	-1477.024	-1694.383	217.3594	1.48588	1.928219
192	-1442.157	-1659.526	217.3689	1.175791	2.12775
198	-1453.902	-1671.485	217.5827	1.247188	1.938578
204	-1456.966	-1672.953	215.9868	1.011468	3.087046
210	-1450.438	-1666.141	215.7037	1.294588	3.087046
216	-1444.696	-1660.592	215.8956	1.24986	2.998987
222	-1441.819	-1659.456	217.6378	1.24732	1.901251
228	-1423.841	-1640.976	217.1355	1.321621	2.184762
234	-1428.388	-1645.692	217.3045	1.160845	2.179427
240	-1423.495	-1641.681	218.1863	1.224264	1.529843
246	-1422.223	-1640.093	217.8693	1.322873	1.688346
252	-1403.405	-1620.86	217.4547	1.345082	1.958874
258	-1405.108	-1623.061	217.9525	1.490547	1.50564
264	-1422.398	-1640.441	218.0428	1.400306	1.50564
270	-1429.389	-1647.528	218.1387	1.441011	1.401443
276	-1426.882	-1644.658	217.7767	1.143298	1.877536
282	-1407.109	-1623.198	216.0891	1.114051	2.964333
288	-1420.474	-1636.84	216.3657	1.169919	2.762898
294	-1419.406	-1635.987	216.5807	1.075993	2.688744
300	-1409.614	-1626.567	216.9534	1.173432	2.396068
306	-1444.763	-1662.189	217.426	1.221688	2.060099
312	-1466.77	-1683.316	216.5459	1.408654	2.504297
318	-1441.219	-1659.327	218.1084	1.300363	1.531219
324	-1419.43	-1637.604	218.1745	1.522628	1.308425
330	-1416.143	-1634.412	218.2695	1.701221	1.071912
336	-1417.152	-1635.351	218.1988	1.56777	1.251407
342	-1415.39	-1633.189	217.7985	1.480623	1.626123
348	-1455.656	-1673.132	217.476	1.329372	1.955113
354	-1453.9	-1670.587	216.6867	1.093211	2.612839
360	-1466.769	-1682.471	215.7021	1.289562	3.090973
366	-1471.085	-1688.561	217.4761	1.294897	1.97814
372	-1448.787	-1666.968	218.1813	1.494738	1.325418
378	-1444.427	-1662.649	218.2218	2.010722	0.7856674
384	-1435.362	-1653.89	218.5281	1.715197	0.7705847
390	-1433.823	-1651.867	218.0443	1.666832	1.296996
396	-1424.664	-1643.201	218.5371	1.611596	0.8899176
402	-1440.149	-1658.158	218.0093	1.597554	1.38031
408	-1454.933	-1672.999	218.0659	1.55249	1.371242
414	-1444.402	-1662.495	218.0922	1.641019	1.278955
420	-1462.208	-1680.249	218.0409	1.373218	1.527249
426	-1463.009	-1681.414	218.4054	1.466703	1.161244
432	-1440.532	-1658.301	217.7691	1.466703	1.657208
438	-1467.553	-1685.117	217.5637	1.563044	1.734535
444	-1444.165	-1662.234	218.0696	1.552665	1.368174
450	-1447.675	-1665.894	218.2189	1.398408	1.372066
456	-1463.341	-1681.071	217.7306	1.335256	1.777135
462	-1480.515	-1698.353	217.8386	1.560372	1.538442
468	-1479.2	-1697.161	217.9603	1.691439	1.344796
474	-1456.164	-1673.751	217.5869	1.575925	1.70918
480	-1447.185	-1665.416	218.2305	1.814029	1.000556
486	-1426.842	-1645.262	218.4201	1.689653	0.9330692
492	-1435.724	-1654.038	218.3142	1.862716	0.856874
498	-1418.273	-1636.698	218.4252	1.897191	0.6317461
504	-1420.532	-1638.849	218.3171	2.005259	0.6317461
510	-1436.271	-1654.697	218.4261	1.8963	0.6317461
516	-1429.379	-1647.716	218.3372	1.968463	0.6680759
522	-1424.052	-1642.338	218.286	1.981663	0.7343492
528	-1452.426	-1670.157	217.7303	2.550842	0.3346124
534	-1424.368	-1642.278	217.9103	2.324807	0.2955296
540	-1443.233	-1661.15	217.9176	2.352324	0.3238617
546	-1434.905	-1652.684	217.778	2.417689	0.2699573
552	-1446.932	-1664.363	217.431	2.605851	0.2003819
558	-1427.219	-1644.76	217.5407	2.610963	0.2464769
564	-1424.727	-1642.289	217.5618	2.557408	0.2316012
570	-1434.327	-1652.153	217.826	2.412833	0.2982462
576	-1413.206	-1631.074	217.8675	2.351291	0.2843072
582	-1442.929	-1661.066	218.1363	2.213065	0.4650436
588	-1418.939	-1637.03	218.0906	2.258791	0.4650436
594	-1445.171	-1663.321	218.1497	2.19394	0.4380537
600	-1441.496	-1659.78	218.2844	2.030643	0.6484594
606	-1445.504	-1663.624	218.1206	2.160653	0.7123049
612	-1415.463	-1633.391	217.928	2.370654	0.3540336
618	-1414.058	-1632.265	218.207	2.137823	0.4424745
624	-1410.343	-1628.617	218.2742	2.061264	0.5966002
630	-1410.401	-1628.958	218.557	1.546486	0.9397339
636	-1405.688	-1623.523	217.8355	1.302491	1.726687
642	-1392.037	-1609.419	217.3817	1.259276	2.064544
648	-1400.654	-1617.728	217.074	1.451916	2.140006
654	-1430.041	-1647.51	217.4694	1.102089	2.110184
660	-1408.061	-1626.196	218.1351	1.204854	1.581915
666	-1414.014	-1631.261	217.2473	1.154038	2.220863
672	-1418.688	-1635.647	216.9592	1.146759	2.409225
678	-1432.87	-1650.773	217.9036	1.083188	1.831842
684	-1400.677	-1617.722	217.0443	1.09873	2.385786
690	-1402.432	-1619.948	217.5163	1.053697	2.11118
696	-1415.073	-1632.486	217.4129	0.9241492	2.262197
702	-1410.156	-1626.711	216.5544	0.8776682	2.82594
708	-1398.2	-1614.13	215.9297	0.8838581	3.196895
714	-1425.005	-1641.536	216.5303	1.014934	2.757006
720	-1434.555	-1652.348	217.7938	1.07994	1.908976
726	-1416.788	-1635.285	218.4974	1.38781	1.149743
732	-1407.23	-1625.709	218.4786	1.502676	1.061997
738	-1380.054	-1598.619	218.5654	1.726368	0.6940672
744	-1397.631	-1616.018	218.3868	1.929034	0.6467927
750	-1403.907	-1622.234	218.3268	1.929034	0.7524283
756	-1392.289	-1610.634	218.3455	1.929034	0.7233599
762	-1406.135	-1624.356	218.2206	1.883753	0.9388175
768	-1417.719	-1636.163	218.4443	1.900152	0.5637437
774	-1424.174	-1642.413	218.2391	2.111285	0.4724498
780	-1419.725	-1637.323	217.598	2.529832	0.2354024
786	-1421.44	-1639.042	217.6021	2.529832	0.2372139
792	-1411.121	-1628.964	217.843	2.4352	0.331706
798	-1416.496	-1634.447	217.9511	2.332003	0.3366822
804	-1409.496	-1627.635	218.1396	2.143498	0.3366822
810	-1398.733	-1616.949	218.2157	2.111932	0.3976698
816	-1388.944	-1607.261	218.3167	2.028758	0.5592487
822	-1401.386	-1619.747	218.3614	1.886179	0.7645829
828	-1408.479	-1626.705	218.2252	2.125621	0.5239097
834	-1420.097	-1638.404	218.3076	2.035257	0.5706825
840	-1415.663	-1633.673	218.0093	1.743866	1.262562
846	-1425.701	-1643.409	217.7079	1.61811	1.592091
852	-1436.291	-1654.607	218.3159	1.713546	1.015536
858	-1428.842	-1647.066	218.2241	1.585249	1.215466
864	-1443.542	-1661.511	217.9697	1.674256	1.350987
870	-1420.518	-1638.377	217.8589	1.480117	1.582575
876	-1435.866	-1654.29	218.4236	1.857075	0.7132089
882	-1436.66	-1655.052	218.392	1.817057	0.8168826
888	-1420.718	-1638.756	218.0382	1.635508	1.327278
894	-1400.69	-1618.892	218.2021	1.460113	1.336509
900	-1451	-1669.233	218.2332	1.420854	1.342991
906	-1437.979	-1655.526	217.5469	1.336756	1.902222
912	-1435.362	-1652.912	217.5497	1.405902	1.85319
918	-1454.76	-1673.272	218.5125	1.556566	0.975719
924	-1450.736	-1668.859	218.1232	1.556566	1.322407
930	-1455.473	-1672.938	217.4651	1.318524	1.969706
936	-1452.503	-1670.442	217.9383	1.349168	1.620025
942	-1446.035	-1663.837	217.8019	1.364273	1.706804
948	-1443.092	-1660.761	217.6685	1.72675	1.541246
954	-1435.69	-1654.197	218.5073	1.671309	0.8548698
960	-1461.501	-1679.912	218.4111	1.761868	0.8615889
966	-1449.664	-1668.119	218.455	1.830563	0.705034
972	-1459.245	-1677.472	218.2267	2.125082	0.4910147
978	-1411.678	-1629.921	218.2425	2.108343	0.476812
984	-1397.904	-1616.211	218.307	1.991688	0.6814137
990	-1415.642	-1634.037	218.3955	1.640524	1.0091
996	-1420.246	-1638.242	217.9965	1.603059	1.385996
