Iteration	Posterior	Likelihood	Prior	rate_log_sd	tree_length
0	-1405.535	-1619.462	213.927	0.837425	4.378755
6	-1399.518	-1615.947	216.4289	1.094468	2.77034
12	-1385.043	-1600.415	215.3723	0.8894218	3.521108
18	-1399.039	-1615.433	216.3942	1.112414	2.780574
24	-1386.729	-1603.038	216.3094	1.197195	2.780574
30	-1405.679	-1623.374	217.6946	1.370102	1.777955
36	-1405.423	-1623.002	217.5792	1.565152	1.722184
42	-1415.153	-1632.647	217.4947	1.345083	1.931944
48	-1424.78	-1642.138	217.3582	1.37433	2.003817
54	-1434.589	-1651.787	217.1973	1.259457	2.184963
60	-1444.196	-1661.235	217.0399	1.128336	2.36983
66	-1422.583	-1638.84	216.2564	1.204788	2.808252
72	-1443.64	-1660.974	217.3344	1.429083	1.983134
78	-1449.116	-1666.952	217.8365	1.327234	1.708496
84	-1437.334	-1655.16	217.8259	1.446312	1.631071
90	-1414.509	-1631.39	216.8812	1.20027	2.424662
96	-1416.513	-1633.94	217.4265	1.189598	2.080918
102	-1400.55	-1617.936	217.3862	1.001873	2.22942
108	-1403.051	-1621.071	218.0198	1.246599	1.635262
114	-1390.97	-1609.026	218.0567	1.515807	1.407063
120	-1375.309	-1593.508	218.1992	1.626294	1.201659
126	-1392.209	-1610.873	218.6641	1.637031	0.6769013
132	-1400.355	-1618.849	218.4946	1.637031	0.9090552
138	-1389.262	-1607.059	217.7969	1.532294	1.589783
144	-1379.872	-1598.22	218.3478	1.61651	1.077902
150	-1373.848	-1592.057	218.2085	1.61651	1.202112
156	-1393.915	-1612.038	218.1235	1.357925	1.476761
162	-1391.389	-1609.084	217.6944	1.092196	1.967678
168	-1391.501	-1608.684	217.1829	0.9428025	2.396773
174	-1405.802	-1622.663	216.8615	1.022365	2.548329
180	-1393.042	-1610.052	217.0098	1.085175	2.416134
186	-1402.038	-1620.051	218.0135	1.007702	1.808075
192	-1383.743	-1600.148	216.4048	1.185416	2.729521
198	-1373.005	-1591.143	218.1378	1.14112	1.626249
204	-1367.847	-1584.29	216.4429	1.014167	2.810736
210	-1402.55	-1619.433	216.8825	0.8618699	2.634803
216	-1359.582	-1575.237	215.6553	1.02411	3.276178
222	-1361.997	-1578.232	216.2355	0.9834886	2.954757
228	-1362.852	-1580.727	217.8751	1.329953	1.679183
234	-1362.769	-1580.71	217.9413	1.461661	1.535546
240	-1363.892	-1581.848	217.9563	1.446611	1.535546
246	-1371.858	-1590.062	218.2043	1.395925	1.385449
252	-1389.55	-1607.31	217.76	1.224877	1.833127
258	-1402.063	-1619.056	216.9921	0.9713322	2.498739
264	-1434.098	-1651.834	217.7361	1.259697	1.825626
270	-1402.492	-1619.433	216.9412	1.24045	2.36134
276	-1415.402	-1632.502	217.0996	1.082053	2.36134
282	-1391.114	-1607.922	216.8077	1.315227	2.398519
288	-1432.469	-1646.405	213.9361	1.041202	4.258344
294	-1404.552	-1620.281	215.7292	0.8747531	3.320677
300	-1395.051	-1611.235	216.1837	0.9780338	2.98917
306	-1406.302	-1622.432	216.1294	1.024392	2.993981
312	-1409.856	-1626.297	216.4415	1.010774	2.813671
318	-1410.856	-1626.033	215.1765	0.7679634	3.705222
324	-1401.417	-1615.546	214.129	0.5800616	4.409966
330	-1402.986	-1618.393	215.4071	0.6816801	3.621641
336	-1420.217	-1635.905	215.6888	0.6130006	3.497741
342	-1394.115	-1608.883	214.7677	0.8041199	3.919636
348	-1367.468	-1582.854	215.3861	0.8115106	3.558402
354	-1377.215	-1594.426	217.2108	0.8876405	2.413999
360	-1357.01	-1572.95	215.9407	0.9752874	3.136023
366	-1370.641	-1586.577	215.9364	1.11146	3.057429
372	-1367.391	-1583.778	216.3866	1.002473	2.852067
378	-1378.229	-1595.138	216.9093	1.138836	2.445654
384	-1363.254	-1580.67	217.4153	1.238114	2.056294
390	-1384.7	-1601.798	217.0989	1.158129	2.313437
396	-1398.074	-1615.206	217.1318	1.133247	2.308307
402	-1383.804	-1600.84	217.036	1.074331	2.406502
408	-1425.408	-1642.277	216.8691	1.241232	2.406502
414	-1416.792	-1634.597	217.8048	1.280786	1.763361
420	-1427.56	-1644.641	217.0813	1.243785	2.269879
426	-1418.861	-1636.14	217.2798	1.311893	2.096942
432	-1392.308	-1609.919	217.6104	1.353254	1.847702
438	-1408.184	-1626.167	217.9831	1.157278	1.725011
444	-1374.759	-1592.611	217.8516	1.288685	1.725011
450	-1374.764	-1592.246	217.482	1.209704	2.030946
456	-1381.292	-1599.6	218.3079	1.334937	1.351887
462	-1368.664	-1586.444	217.7805	1.123553	1.888402
468	-1374.93	-1592.988	218.0588	1.269854	1.590158
474	-1368.245	-1585.905	217.6598	1.238615	1.892204
480	-1364.777	-1582.399	217.6219	1.276589	1.892204
486	-1367.56	-1585.235	217.6753	1.321931	1.824648
492	-1405.049	-1622.884	217.8358	1.256991	1.758328
498	-1379.079	-1596.974	217.8956	1.681323	1.403603
504	-1374.702	-1593.356	218.6544	1.443831	0.9453728
510	-1376.149	-1593.824	217.6751	1.289378	1.847158
516	-1370.094	-1586.965	216.8714	1.135122	2.471775
522	-1381.582	-1598.57	216.9886	1.138622	2.395823
528	-1379.637	-1596.548	216.9105	1.059666	2.494519
534	-1386.637	-1601.523	214.8864	1.085732	3.68918
540	-1381.406	-1596.722	215.3159	0.7914884	3.610824
546	-1371.452	-1587.35	215.8983	1.001742	3.145508
552	-1362.267	-1578.321	216.0537	0.9587522	3.078579
558	-1347.862	-1564.515	216.6528	1.108895	2.624055
564	-1373.664	-1590.589	216.9249	1.27265	2.351235
570	-1390.054	-1607.9	217.8453	1.026787	1.910085
576	-1388.204	-1604.872	216.6683	0.7794666	2.816422
582	-1363.312	-1577.99	214.6781	0.8728684	3.931625
588	-1373.016	-1588.395	215.3788	0.7388175	3.60492
594	-1397.291	-1612.651	215.3599	0.7576955	3.60492
600	-1390.859	-1604.793	213.9346	0.5685052	4.52591
606	-1378.381	-1595.741	217.3606	0.9337304	2.289606
612	-1406.685	-1623.666	216.9808	1.313536	2.289606
618	-1379.396	-1597.172	217.7768	1.361646	1.726362
624	-1366.888	-1585.003	218.1155	0.9710391	1.762705
630	-1393.635	-1611.324	217.6886	1.02878	2.013907
636	-1376.92	-1592.589	215.6689	0.8210187	3.387656
642	-1379.49	-1594.896	215.4053	0.8988482	3.496372
648	-1381.575	-1597.882	216.3076	1.117074	2.830424
654	-1365.486	-1581.921	216.435	0.8470045	2.916798
660	-1375.067	-1592.163	217.0956	1.106206	2.348571
666	-1393.356	-1610.898	217.5416	0.9507151	2.161905
672	-1388.99	-1606.254	217.2643	1.385733	2.058542
678	-1379.062	-1596.297	217.2348	1.135498	2.240829
684	-1372.933	-1590.709	217.7755	1.059296	1.9353
690	-1371.373	-1588.594	217.221	1.102909	2.270627
696	-1376.281	-1593.226	216.9452	1.023113	2.495686
702	-1396.495	-1614.189	217.6944	1.408316	1.751392
708	-1355.73	-1573.352	217.6215	1.217883	1.932222
714	-1350.324	-1568.002	217.6782	1.162194	1.931491
720	-1356.931	-1572.607	215.6763	0.9612746	3.300854
726	-1368.698	-1586.187	217.4892	1.093042	2.103166
732	-1373.469	-1591.517	218.0477	1.216729	1.636711
738	-1376.211	-1594.439	218.2279	1.390954	1.370847
744	-1380.654	-1598.867	218.2127	1.352854	1.412468
750	-1377.074	-1595.243	218.1698	1.444629	1.374348
756	-1369.931	-1587.959	218.0281	1.30551	1.586565
762	-1359.733	-1577.191	217.4585	1.18083	2.065613
768	-1386.36	-1603.426	217.0651	1.330441	2.224583
774	-1400.775	-1618.296	217.5219	1.289404	1.9511
780	-1397.595	-1615.117	217.5219	1.289404	1.9511
786	-1403.983	-1621.757	217.7742	1.125432	1.89138
792	-1426.612	-1643.15	216.5381	1.020114	2.749112
798	-1424.987	-1641.489	216.5015	1.187683	2.668773
804	-1409.074	-1626.736	217.6614	1.405388	1.776465
810	-1412.073	-1629.921	217.8484	1.454798	1.608697
816	-1415.201	-1633.343	218.1419	1.539381	1.321191
822	-1396.615	-1614.598	217.9831	1.408225	1.544132
828	-1384.867	-1602.553	217.686	1.261019	1.859087
834	-1378.384	-1596.32	217.9361	1.358385	1.615011
840	-1367.364	-1585.023	217.6597	1.263096	1.87561
846	-1386.702	-1604.573	217.871	1.526302	1.539725
852	-1389.397	-1606.662	217.2654	1.222336	2.164882
858	-1395.795	-1613.281	217.4859	1.222336	2.019968
864	-1384.143	-1601.761	217.618	1.424219	1.793549
870	-1384.49	-1601.905	217.4157	1.587402	1.820605
876	-1391.733	-1609.621	217.8886	1.245166	1.729667
882	-1383.112	-1601.326	218.2141	1.681362	1.140647
888	-1395.574	-1613.715	218.141	1.681362	1.204308
894	-1387.661	-1605.807	218.146	1.897745	1.001329
900	-1371.689	-1590.06	218.3715	1.971736	0.5691098
906	-1387.55	-1605.715	218.165	1.999084	0.8720787
912	-1398.007	-1616.322	218.3149	1.999084	0.6507204
918	-1374.74	-1593.036	218.2961	2.049068	0.5606995
924	-1374.715	-1593.043	218.3278	1.978332	0.6670783
930	-1386.841	-1605.047	218.2064	2.143467	0.46819
936	-1381.903	-1600.108	218.2053	2.143467	0.5410125
942	-1384.102	-1602.239	218.1375	2.209866	0.4532889
948	-1399.497	-1617.691	218.1942	2.154744	0.4621622
954	-1416.263	-1634.486	218.2226	2.039512	0.7429897
960	-1410.526	-1628.73	218.2032	2.039512	0.7714195
966	-1409.108	-1627.463	218.3552	1.996087	0.5183273
972	-1415.698	-1633.8	218.1019	2.130418	0.7860033
978	-1419.369	-1637.817	218.4484	1.846124	0.6891217
984	-1430.242	-1648.516	218.2743	1.696379	1.071926
990	-1445.737	-1663.269	217.532	1.359964	1.896598
996	-1416.572	-1633.714	217.1423	1.237665	2.234629
