Iteration	Posterior	Likelihood	Prior	rate_log_sd	tree_length
0	-4520.217	-4739.932	219.7154	0.5084703	0.7975111
6	-3844.232	-4062.164	217.9325	0.2858716	2.33805
12	-2763.675	-2979.472	215.7962	4.425049	0.8009435
18	-2783.492	-3000.554	217.0613	3.078265	0.9002664
24	-4089.325	-4308.609	219.2839	0.7527519	1.008399
30	-4506.221	-4725.912	219.6911	0.3455651	1.008399
36	-3483.686	-3702.001	218.3147	1.383751	1.307297
42	-3575.523	-3793.352	217.8291	0.8931178	2.010696
48	-2867.036	-3084.014	216.9789	1.921995	1.89053
54	-2815.998	-3032.977	216.9789	1.921995	1.89053
60	-3629.116	-3847.81	218.694	0.9818758	1.325506
66	-3708.864	-3923.954	215.0903	0.0270656	4.178889
72	-4716.352	-4936.036	219.6844	0.1959665	1.154013
78	-2818.558	-3035.068	216.5101	2.646529	1.71353
84	-2732.026	-2947.822	215.7961	4.046519	1.186936
90	-4323.116	-4542.378	219.2623	1.079651	0.4326415
96	-4398.11	-4617.942	219.8317	0.08489912	1.121657
102	-4820.178	-5040.038	219.8592	0.0573684	1.121657
108	-4385.567	-4605.176	219.6089	0.2010288	1.214927
114	-3479.457	-3697.625	218.1681	0.8555303	1.806407
120	-2887.999	-3105.538	217.5395	2.804074	0.4378793
126	-5363.848	-5583.986	220.1376	0.2059561	0.4378793
132	-2752.1	-2966.503	214.4028	5.93087	0.6018848
138	-2756.092	-2972.064	215.9715	3.829103	1.222845
144	-4091.511	-4310.696	219.1845	0.2767451	1.491959
150	-4287.832	-4507.129	219.2963	1.055222	0.5145934
156	-2730.873	-2947.856	216.9827	3.354373	0.5913029
162	-4413.997	-4633.588	219.5903	0.6348808	0.7956445
168	-3183.354	-3399.545	216.1907	1.053623	2.939529
174	-3838.149	-4057.09	218.9407	1.053623	1.049611
180	-2940.43	-3157.697	217.2666	2.079335	1.577508
186	-4956.332	-5176.315	219.9833	0.08703742	0.9744319
192	-3629.657	-3848.48	218.8228	1.436857	0.7467084
198	-3341.466	-3559.745	218.2798	1.368528	1.347519
204	-3182.389	-3400.874	218.4851	1.566014	0.9939997
210	-4211.763	-4431.208	219.445	0.3679102	1.212386
216	-2996.048	-3214.358	218.3098	1.697459	1.037146
222	-3165.646	-3383.752	218.1058	1.476629	1.399317
228	-3006.61	-3223.506	216.8963	1.449618	2.256504
234	-3550.01	-3768.406	218.3965	0.8347651	1.660494
240	-4288.022	-4507.039	219.0169	0.2143603	1.660494
246	-4387.8	-4606.311	218.511	1.600954	0.2285365
252	-3753.022	-3971.295	218.2727	1.965037	0.2974684
258	-5291.484	-5511.344	219.8605	0.4542567	0.3756982
264	-5154.553	-5374.295	219.7428	0.5719567	0.3756982
270	-3558.043	-3776.634	218.5911	0.9589613	1.424424
276	-4342.627	-4562.217	219.5894	0.4434815	1.012197
282	-3448.91	-3667.598	218.688	1.604554	0.6927936
288	-3501.389	-3720.01	218.6213	1.688858	0.6589018
294	-2736.218	-2952.647	216.4288	3.383064	1.2133
300	-3811.127	-4029.464	218.3366	0.5487233	1.901113
306	-4939.335	-5159.326	219.9908	0.1770662	0.8676165
312	-5688.159	-5907.958	219.7988	0.3931733	0.267797
318	-3224.664	-3442.856	218.1918	1.592146	1.236845
324	-3325.474	-3543.929	218.4548	1.329222	1.236845
330	-3468.667	-3687.346	218.6784	1.660676	0.5846193
336	-3717.413	-3934.428	217.0148	0.4060723	2.83276
342	-3025.226	-3241.255	216.0281	1.393728	2.83218
348	-4855.4	-5074.107	218.7073	1.393728	0.223995
354	-3074.027	-3291.949	217.9227	1.893062	1.209959
360	-4478.54	-4697.972	219.4311	0.2517021	1.319934
366	-5064.902	-5285.052	220.1503	0.1647757	0.6483467
372	-3487.853	-3706.526	218.6735	1.529355	0.8248831
378	-3738.298	-3956.933	218.6352	1.711363	0.4498148
384	-2748.222	-2964.805	216.5828	3.611588	0.8355458
390	-3427.582	-3645.94	218.3577	1.217104	1.405262
396	-2723.097	-2937.45	214.3526	5.994105	0.4503194
402	-2935.179	-3152.744	217.5654	2.025182	1.393038
408	-3235.229	-3453.762	218.5331	1.779515	0.6537224
414	-3355.21	-3573.817	218.607	1.705639	0.6537224
420	-3033	-3251.252	218.2523	1.705639	1.08389
426	-2733.136	-2948.965	215.8289	2.952514	1.971166
432	-3599.108	-3816.395	217.2871	0.4578265	2.634402
438	-3731.447	-3949.085	217.6381	0.3808843	2.463948
444	-2850.227	-3066.718	216.4905	1.528528	2.463948
450	-3967.885	-4186.627	218.7427	1.528528	0.3250765
456	-3389.619	-3608.147	218.5284	1.815953	0.5642723
462	-3036.498	-3253.683	217.1849	2.955846	0.241282
468	-4642.848	-4862.098	219.2502	1.043308	0.3479775
474	-3130.492	-3348.696	218.2033	1.848968	0.9927953
480	-3716.028	-3934.937	218.909	1.104816	1.030885
486	-2738.89	-2954.938	216.0483	2.454878	2.154824
492	-3683.952	-3903.095	219.143	1.191215	0.6003755
498	-3265.186	-3484.082	218.8958	1.39011	0.704329
504	-3235.028	-3452.477	217.4494	1.070738	2.143781
510	-2891.244	-3108.482	217.2386	1.281487	2.143781
516	-2719.755	-2936.151	216.396	2.522077	1.87885
522	-3240.384	-3458.897	218.5128	1.692294	0.8220382
528	-2836.852	-3053.823	216.9714	3.192239	0.2524289
534	-2739.416	-2956.062	216.6461	3.705723	0.4928647
540	-3831.715	-4050.97	219.2553	0.9723887	0.7923896
546	-2858.793	-3076.591	217.7977	2.173696	1.071266
552	-2892.555	-3110.439	217.884	2.173696	0.987373
558	-3443.985	-3662.677	218.6922	1.36548	0.987373
564	-4422.629	-4642.089	219.4597	0.01083438	1.485032
570	-2852.589	-3068.945	216.3567	1.394384	2.630617
576	-2822.079	-3038.908	216.8297	3.287521	0.2307524
582	-4551.26	-4770.75	219.4903	0.8457577	0.4159551
588	-2735.249	-2950.451	215.2018	2.257571	2.809334
594	-2810.309	-3027.336	217.0265	1.812344	1.932583
600	-3225.48	-3443.789	218.3089	1.441493	1.264808
606	-2957.589	-3175.111	217.5218	1.441493	1.847931
612	-2781.984	-2999.053	217.0691	2.057533	1.734677
618	-4814.181	-5034.149	219.9688	0.2165333	0.8466482
624	-4371.497	-4590.928	219.4306	0.2863002	1.29236
630	-4193.784	-4412.762	218.9783	0.2488305	1.663437
636	-3826.399	-4044.917	218.5187	1.763264	0.3355056
642	-2855.8	-3072.632	216.8317	2.431899	1.63728
648	-4128.206	-4347.249	219.0424	0.5999162	1.352322
654	-4123.535	-4342.407	218.8728	0.4080271	1.624847
660	-3779.441	-3998.376	218.9352	0.9639103	1.137404
666	-2838.336	-3055.383	217.0471	1.947836	1.826224
672	-3661.039	-3879.431	218.3914	0.6034856	1.826224
678	-3908.544	-4126.859	218.3149	0.2296502	2.127808
684	-4993.233	-5213.395	220.1623	0.1770071	0.5839606
690	-3719.344	-3938.471	219.1271	0.8683949	1.048493
696	-3299.719	-3517.118	217.3988	0.8683949	2.306936
702	-4371.202	-4590.607	219.4048	0.06360718	1.486585
708	-3045.814	-3260.788	214.9739	1.060504	3.653139
714	-3786.341	-4005.343	219.0018	1.114559	0.9258669
720	-4041.676	-4260.913	219.2371	1.063914	0.6770142
726	-2760.811	-2977.356	216.5453	3.325562	1.162339
732	-3694.449	-3913.406	218.9572	1.308615	0.7371659
738	-3478.516	-3696.644	218.1283	0.7725303	1.890578
744	-2806.794	-3023.398	216.6044	3.303472	1.129494
750	-3117.961	-3336.023	218.0618	2.064443	0.9151005
756	-2882.834	-3098.457	215.6229	1.554084	2.980007
762	-3259.719	-3478.11	218.3902	1.427305	1.208535
768	-2773.302	-2989.806	216.5045	2.598485	1.751205
774	-2800.026	-3017.298	217.2724	2.598485	1.162335
780	-3720.921	-3939.98	219.0584	0.7932078	1.179162
786	-4232.212	-4451.604	219.3926	0.4590497	1.179162
792	-2938.993	-3156.108	217.1152	1.40766	2.141989
798	-2682.368	-2899.278	216.9106	3.438884	0.4657499
804	-4111.652	-4330.926	219.2742	0.5477351	1.204754
810	-2981.819	-3199.979	218.1597	2.141526	0.6767276
816	-3321.279	-3539.702	218.423	1.143641	1.4116
822	-3956.625	-4175.685	219.0599	0.5832591	1.351626
828	-4431.748	-4651.364	219.616	0.3033598	1.119157
834	-3552.481	-3771.429	218.9481	1.174806	0.9186979
840	-2924.999	-3142.882	217.8829	2.455212	0.4211698
846	-4966.913	-5186.811	219.8974	0.4460928	0.4376197
852	-3340.116	-3558.794	218.6778	1.269457	1.093766
858	-3734.41	-3953.494	219.0842	0.8630441	1.093766
864	-4677.279	-4897.096	219.8161	0.5289514	0.5613038
870	-3086.445	-3303.274	216.8283	1.272433	2.412546
876	-3671.808	-3890.721	218.9136	0.8806596	1.228176
882	-4476.49	-4696.113	219.6231	0.662741	0.7045062
888	-4880.497	-5099.447	218.9503	1.131771	0.2165305
894	-2756.222	-2970.577	214.3551	5.976367	0.6082873
900	-2845.887	-3063.824	217.9371	2.403194	0.5804996
906	-4390.466	-4609.81	219.3439	0.9870149	0.4042939
912	-5312.502	-5532.572	220.0707	0.2445873	0.3764311
918	-2959.353	-3176.939	217.5861	1.733474	1.596731
924	-2968.64	-3186.217	217.5762	1.733474	1.603975
930	-3135.201	-3352.643	217.4413	1.37255	1.949419
936	-5395.504	-5615.648	220.1436	0.2015561	0.4438333
942	-3732.435	-3951.428	218.9927	1.209609	0.8255284
948	-3666.7	-3885.597	218.8973	0.9437811	1.188277
954	-2887.67	-3105.321	217.6509	2.102393	1.262407
960	-3124.91	-3342.861	217.951	2.332879	0.337418
966	-2691.449	-2907.241	215.7922	4.500139	0.346548
972	-4443.798	-4662.748	218.9504	1.168517	0.2314934
978	-3750.275	-3969.387	219.1115	1.168517	0.714369
984	-3933.314	-4151.999	218.6853	0.4302648	1.742448
990	-2789.522	-3006.948	217.426	2.233039	1.33903
996	-2718.24	-2933.676	215.4365	4.877755	0.3750011
